Running: C:\.Xilinx\14.7\ISE_DS\ISE\bin\nt64\unwrapped\fuse.exe -intstyle ise -incremental -o C:/Users/MiguelAngel/Desktop/PROCESADOR/Sin Carry/PROCESADOR/TB_PROCESADOR2_isim_beh.exe -prj C:/Users/MiguelAngel/Desktop/PROCESADOR/Sin Carry/PROCESADOR/TB_PROCESADOR2_beh.prj work.TB_PROCESADOR2 
ISim P.20131013 (signature 0x7708f090)
Number of CPUs detected in this system: 4
Turning on mult-threading, number of parallel sub-compilation jobs: 8 
Determining compilation order of HDL files
Parsing VHDL file "C:/Users/MiguelAngel/Desktop/PROCESADOR/Sin Carry/PROCESADOR/UNIDADCONTROL.vhd" into library work
Parsing VHDL file "C:/Users/MiguelAngel/Desktop/PROCESADOR/Sin Carry/PROCESADOR/SUMADOR.vhd" into library work
Parsing VHDL file "C:/Users/MiguelAngel/Desktop/PROCESADOR/Sin Carry/PROCESADOR/SEU.vhd" into library work
Parsing VHDL file "C:/Users/MiguelAngel/Desktop/PROCESADOR/Sin Carry/PROCESADOR/REGISTERFILE.vhd" into library work
Parsing VHDL file "C:/Users/MiguelAngel/Desktop/PROCESADOR/Sin Carry/PROCESADOR/PROGRAMCOUNTER.vhd" into library work
Parsing VHDL file "C:/Users/MiguelAngel/Desktop/PROCESADOR/Sin Carry/PROCESADOR/NEXTPROGRAMCOUNTER.vhd" into library work
Parsing VHDL file "C:/Users/MiguelAngel/Desktop/PROCESADOR/Sin Carry/PROCESADOR/MUX.vhd" into library work
Parsing VHDL file "C:/Users/MiguelAngel/Desktop/PROCESADOR/Sin Carry/PROCESADOR/InstructionMemory.vhd" into library work
Parsing VHDL file "C:/Users/MiguelAngel/Desktop/PROCESADOR/Sin Carry/PROCESADOR/ALU.vhd" into library work
Parsing VHDL file "C:/Users/MiguelAngel/Desktop/PROCESADOR/Sin Carry/PROCESADOR/PROCESADOR2.vhd" into library work
Parsing VHDL file "C:/Users/MiguelAngel/Desktop/PROCESADOR/Sin Carry/PROCESADOR/TB_PROCESADOR2.vhd" into library work
Starting static elaboration
Completed static elaboration
Compiling package standard
Compiling package std_logic_1164
Compiling package std_logic_arith
Compiling package std_logic_unsigned
Compiling package textio
Compiling architecture mahs of entity SUMADOR [sumador_default]
Compiling architecture mahs of entity NEXTPROGRAMCOUNTER [nextprogramcounter_default]
Compiling architecture mahs of entity PROGRAMCOUNTER [programcounter_default]
Compiling architecture arqinstructionmemory of entity instructionMemory [instructionmemory_default]
Compiling architecture mahs of entity UNIDADCONTROL [unidadcontrol_default]
Compiling architecture mahs of entity REGISTERFILE [registerfile_default]
Compiling architecture mahs of entity MUX [mux_default]
Compiling architecture mahs of entity SEU [seu_default]
Compiling architecture mahs of entity ALU [alu_default]
Compiling architecture behavioral of entity PROCESADOR2 [procesador2_default]
Compiling architecture behavior of entity tb_procesador2
Time Resolution for simulation is 1ps.
Waiting for 8 sub-compilation(s) to finish...
Compiled 26 VHDL Units
Built simulation executable C:/Users/MiguelAngel/Desktop/PROCESADOR/Sin Carry/PROCESADOR/TB_PROCESADOR2_isim_beh.exe
Fuse Memory Usage: 34452 KB
Fuse CPU Usage: 2593 ms
