Release 14.7 - xst P.20131013 (nt64)
Copyright (c) 1995-2013 Xilinx, Inc.  All rights reserved.
--> Parameter TMPDIR set to xst/projnav.tmp


Total REAL time to Xst completion: 0.00 secs
Total CPU time to Xst completion: 0.44 secs
 
--> Parameter xsthdpdir set to xst


Total REAL time to Xst completion: 0.00 secs
Total CPU time to Xst completion: 0.44 secs
 
--> Reading design: SUMADOR.prj

TABLE OF CONTENTS
  1) Synthesis Options Summary
  2) HDL Compilation
  3) Design Hierarchy Analysis
  4) HDL Analysis
  5) HDL Synthesis
     5.1) HDL Synthesis Report
  6) Advanced HDL Synthesis
     6.1) Advanced HDL Synthesis Report
  7) Low Level Synthesis
  8) Partition Report
  9) Final Report
	9.1) Device utilization summary
	9.2) Partition Resource Summary
	9.3) TIMING REPORT


=========================================================================
*                      Synthesis Options Summary                        *
=========================================================================
---- Source Parameters
Input File Name                    : "SUMADOR.prj"
Input Format                       : mixed
Ignore Synthesis Constraint File   : NO

---- Target Parameters
Output File Name                   : "SUMADOR"
Output Format                      : NGC
Target Device                      : xc3s100e-5-vq100

---- Source Options
Top Module Name                    : SUMADOR
Automatic FSM Extraction           : YES
FSM Encoding Algorithm             : Auto
Safe Implementation                : No
FSM Style                          : LUT
RAM Extraction                     : Yes
RAM Style                          : Auto
ROM Extraction                     : Yes
Mux Style                          : Auto
Decoder Extraction                 : YES
Priority Encoder Extraction        : Yes
Shift Register Extraction          : YES
Logical Shifter Extraction         : YES
XOR Collapsing                     : YES
ROM Style                          : Auto
Mux Extraction                     : Yes
Resource Sharing                   : YES
Asynchronous To Synchronous        : NO
Multiplier Style                   : Auto
Automatic Register Balancing       : No

---- Target Options
Add IO Buffers                     : YES
Global Maximum Fanout              : 100000
Add Generic Clock Buffer(BUFG)     : 24
Register Duplication               : YES
Slice Packing                      : YES
Optimize Instantiated Primitives   : NO
Use Clock Enable                   : Yes
Use Synchronous Set                : Yes
Use Synchronous Reset              : Yes
Pack IO Registers into IOBs        : Auto
Equivalent register Removal        : YES

---- General Options
Optimization Goal                  : Speed
Optimization Effort                : 1
Keep Hierarchy                     : No
Netlist Hierarchy                  : As_Optimized
RTL Output                         : Yes
Global Optimization                : AllClockNets
Read Cores                         : YES
Write Timing Constraints           : NO
Cross Clock Analysis               : NO
Hierarchy Separator                : /
Bus Delimiter                      : <>
Case Specifier                     : Maintain
Slice Utilization Ratio            : 100
BRAM Utilization Ratio             : 100
Verilog 2001                       : YES
Auto BRAM Packing                  : NO
Slice Utilization Ratio Delta      : 5

=========================================================================


=========================================================================
*                          HDL Compilation                              *
=========================================================================
WARNING:HDLParsers:3607 - Unit work/SUMADOR is now defined in a different file.  It was defined in "E:/PROCESADOR/SUMADOR.vhd", and is now defined in "H:/PROCESADOR/SUMADOR.vhd".
WARNING:HDLParsers:3607 - Unit work/SUMADOR/MAHS is now defined in a different file.  It was defined in "E:/PROCESADOR/SUMADOR.vhd", and is now defined in "H:/PROCESADOR/SUMADOR.vhd".
Compiling vhdl file "H:/PROCESADOR/SUMADOR.vhd" in Library work.
Architecture mahs of Entity sumador is up to date.

=========================================================================
*                     Design Hierarchy Analysis                         *
=========================================================================
Analyzing hierarchy for entity <SUMADOR> in library <work> (architecture <mahs>).


=========================================================================
*                            HDL Analysis                               *
=========================================================================
Analyzing Entity <SUMADOR> in library <work> (Architecture <mahs>).
Entity <SUMADOR> analyzed. Unit <SUMADOR> generated.


=========================================================================
*                           HDL Synthesis                               *
=========================================================================

Performing bidirectional port resolution...

Synthesizing Unit <SUMADOR>.
    Related source file is "H:/PROCESADOR/SUMADOR.vhd".
    Found 32-bit adder for signal <salidaSumador>.
    Summary:
	inferred   1 Adder/Subtractor(s).
Unit <SUMADOR> synthesized.


=========================================================================
HDL Synthesis Report

Macro Statistics
# Adders/Subtractors                                   : 1
 32-bit adder                                          : 1

=========================================================================

=========================================================================
*                       Advanced HDL Synthesis                          *
=========================================================================


=========================================================================
Advanced HDL Synthesis Report

Macro Statistics
# Adders/Subtractors                                   : 1
 32-bit adder                                          : 1

=========================================================================

=========================================================================
*                         Low Level Synthesis                           *
=========================================================================

Optimizing unit <SUMADOR> ...

Mapping all equations...
Building and optimizing final netlist ...
Found area constraint ratio of 100 (+ 5) on block SUMADOR, actual ratio is 1.

Final Macro Processing ...

=========================================================================
Final Register Report

Found no macro
=========================================================================

=========================================================================
*                           Partition Report                            *
=========================================================================

Partition Implementation Status
-------------------------------

  No Partitions were found in this design.

-------------------------------

=========================================================================
*                            Final Report                               *
=========================================================================
Final Results
RTL Top Level Output File Name     : SUMADOR.ngr
Top Level Output File Name         : SUMADOR
Output Format                      : NGC
Optimization Goal                  : Speed
Keep Hierarchy                     : No

Design Statistics
# IOs                              : 96

Cell Usage :
# BELS                             : 96
#      GND                         : 1
#      LUT2                        : 32
#      MUXCY                       : 31
#      XORCY                       : 32
# IO Buffers                       : 96
#      IBUF                        : 64
#      OBUF                        : 32
=========================================================================

Device utilization summary:
---------------------------

Selected Device : 3s100evq100-5 

 Number of Slices:                       16  out of    960     1%  
 Number of 4 input LUTs:                 32  out of   1920     1%  
 Number of IOs:                          96
 Number of bonded IOBs:                  96  out of     66   145% (*) 

WARNING:Xst:1336 -  (*) More than 100% of Device resources are used

---------------------------
Partition Resource Summary:
---------------------------

  No Partitions were found in this design.

---------------------------


=========================================================================
TIMING REPORT

NOTE: THESE TIMING NUMBERS ARE ONLY A SYNTHESIS ESTIMATE.
      FOR ACCURATE TIMING INFORMATION PLEASE REFER TO THE TRACE REPORT
      GENERATED AFTER PLACE-and-ROUTE.

Clock Information:
------------------
No clock signals found in this design

Asynchronous Control Signals Information:
----------------------------------------
No asynchronous control signals found in this design

Timing Summary:
---------------
Speed Grade: -5

   Minimum period: No path found
   Minimum input arrival time before clock: No path found
   Maximum output required time after clock: No path found
   Maximum combinational path delay: 8.401ns

Timing Detail:
--------------
All values displayed in nanoseconds (ns)

=========================================================================
Timing constraint: Default path analysis
  Total number of paths / destination ports: 1552 / 32
-------------------------------------------------------------------------
Delay:               8.401ns (Levels of Logic = 35)
  Source:            a<0> (PAD)
  Destination:       salidaSumador<31> (PAD)

  Data Path: a<0> to salidaSumador<31>
                                Gate     Net
    Cell:in->out      fanout   Delay   Delay  Logical Name (Net Name)
    ----------------------------------------  ------------
     IBUF:I->O             1   1.106   0.509  a_0_IBUF (a_0_IBUF)
     LUT2:I0->O            1   0.612   0.000  Madd_salidaSumador_lut<0> (Madd_salidaSumador_lut<0>)
     MUXCY:S->O            1   0.404   0.000  Madd_salidaSumador_cy<0> (Madd_salidaSumador_cy<0>)
     MUXCY:CI->O           1   0.051   0.000  Madd_salidaSumador_cy<1> (Madd_salidaSumador_cy<1>)
     MUXCY:CI->O           1   0.051   0.000  Madd_salidaSumador_cy<2> (Madd_salidaSumador_cy<2>)
     MUXCY:CI->O           1   0.051   0.000  Madd_salidaSumador_cy<3> (Madd_salidaSumador_cy<3>)
     MUXCY:CI->O           1   0.051   0.000  Madd_salidaSumador_cy<4> (Madd_salidaSumador_cy<4>)
     MUXCY:CI->O           1   0.051   0.000  Madd_salidaSumador_cy<5> (Madd_salidaSumador_cy<5>)
     MUXCY:CI->O           1   0.051   0.000  Madd_salidaSumador_cy<6> (Madd_salidaSumador_cy<6>)
     MUXCY:CI->O           1   0.051   0.000  Madd_salidaSumador_cy<7> (Madd_salidaSumador_cy<7>)
     MUXCY:CI->O           1   0.051   0.000  Madd_salidaSumador_cy<8> (Madd_salidaSumador_cy<8>)
     MUXCY:CI->O           1   0.051   0.000  Madd_salidaSumador_cy<9> (Madd_salidaSumador_cy<9>)
     MUXCY:CI->O           1   0.051   0.000  Madd_salidaSumador_cy<10> (Madd_salidaSumador_cy<10>)
     MUXCY:CI->O           1   0.051   0.000  Madd_salidaSumador_cy<11> (Madd_salidaSumador_cy<11>)
     MUXCY:CI->O           1   0.051   0.000  Madd_salidaSumador_cy<12> (Madd_salidaSumador_cy<12>)
     MUXCY:CI->O           1   0.051   0.000  Madd_salidaSumador_cy<13> (Madd_salidaSumador_cy<13>)
     MUXCY:CI->O           1   0.051   0.000  Madd_salidaSumador_cy<14> (Madd_salidaSumador_cy<14>)
     MUXCY:CI->O           1   0.051   0.000  Madd_salidaSumador_cy<15> (Madd_salidaSumador_cy<15>)
     MUXCY:CI->O           1   0.051   0.000  Madd_salidaSumador_cy<16> (Madd_salidaSumador_cy<16>)
     MUXCY:CI->O           1   0.051   0.000  Madd_salidaSumador_cy<17> (Madd_salidaSumador_cy<17>)
     MUXCY:CI->O           1   0.051   0.000  Madd_salidaSumador_cy<18> (Madd_salidaSumador_cy<18>)
     MUXCY:CI->O           1   0.051   0.000  Madd_salidaSumador_cy<19> (Madd_salidaSumador_cy<19>)
     MUXCY:CI->O           1   0.051   0.000  Madd_salidaSumador_cy<20> (Madd_salidaSumador_cy<20>)
     MUXCY:CI->O           1   0.051   0.000  Madd_salidaSumador_cy<21> (Madd_salidaSumador_cy<21>)
     MUXCY:CI->O           1   0.051   0.000  Madd_salidaSumador_cy<22> (Madd_salidaSumador_cy<22>)
     MUXCY:CI->O           1   0.051   0.000  Madd_salidaSumador_cy<23> (Madd_salidaSumador_cy<23>)
     MUXCY:CI->O           1   0.051   0.000  Madd_salidaSumador_cy<24> (Madd_salidaSumador_cy<24>)
     MUXCY:CI->O           1   0.051   0.000  Madd_salidaSumador_cy<25> (Madd_salidaSumador_cy<25>)
     MUXCY:CI->O           1   0.051   0.000  Madd_salidaSumador_cy<26> (Madd_salidaSumador_cy<26>)
     MUXCY:CI->O           1   0.051   0.000  Madd_salidaSumador_cy<27> (Madd_salidaSumador_cy<27>)
     MUXCY:CI->O           1   0.051   0.000  Madd_salidaSumador_cy<28> (Madd_salidaSumador_cy<28>)
     MUXCY:CI->O           1   0.051   0.000  Madd_salidaSumador_cy<29> (Madd_salidaSumador_cy<29>)
     MUXCY:CI->O           0   0.051   0.000  Madd_salidaSumador_cy<30> (Madd_salidaSumador_cy<30>)
     XORCY:CI->O           1   0.699   0.357  Madd_salidaSumador_xor<31> (salidaSumador_31_OBUF)
     OBUF:I->O                 3.169          salidaSumador_31_OBUF (salidaSumador<31>)
    ----------------------------------------
    Total                      8.401ns (7.535ns logic, 0.866ns route)
                                       (89.7% logic, 10.3% route)

=========================================================================


Total REAL time to Xst completion: 19.00 secs
Total CPU time to Xst completion: 19.21 secs
 
--> 

Total memory usage is 289588 kilobytes

Number of errors   :    0 (   0 filtered)
Number of warnings :    3 (   0 filtered)
Number of infos    :    0 (   0 filtered)

